
----------------------------------------
19/07/2017 14:53:53 -- -1966778557
Getting more than one duplicate of a font: Apple Braille -- Apple Braille Outline 8 Dot -- 401/Normal/5
----------------------------------------


----------------------------------------
19/07/2017 14:53:53 -- -1966778556
Getting more than one duplicate of a font: Apple Braille -- Apple Braille Outline 8 Dot -- 401/Normal/5
----------------------------------------


----------------------------------------
19/07/2017 14:53:53 -- -1966778556
Getting more than one duplicate of a font: Apple Braille -- Apple Braille Pinpoint 6 Dot -- 402/Normal/5
----------------------------------------


----------------------------------------
19/07/2017 14:53:53 -- -1966778555
Getting more than one duplicate of a font: Apple Braille -- Apple Braille Outline 8 Dot -- 401/Normal/5
----------------------------------------


----------------------------------------
19/07/2017 14:53:53 -- -1966778555
Getting more than one duplicate of a font: Apple Braille -- Apple Braille Pinpoint 6 Dot -- 402/Normal/5
----------------------------------------


----------------------------------------
19/07/2017 14:53:53 -- -1966778555
Getting more than one duplicate of a font: Apple Braille -- Apple Braille Pinpoint 8 Dot -- 403/Normal/5
----------------------------------------


----------------------------------------
19/07/2017 14:53:57 -- -1966774552
Getting more than one duplicate of a font: Skia -- Skia Light Extended -- 401/Normal/7
----------------------------------------


----------------------------------------
19/07/2017 14:53:57 -- -1966774551
Getting more than one duplicate of a font: Skia -- Skia Light Condensed -- 401/Normal/2
----------------------------------------

