
----------------------------------------
22/06/2017 20:43:21 -- -216297903
Getting more than one duplicate of a font: Apple Braille -- Apple Braille Outline 8 Dot -- 401/Normal/5
----------------------------------------


----------------------------------------
22/06/2017 20:43:21 -- -216297903
Getting more than one duplicate of a font: Apple Braille -- Apple Braille Outline 8 Dot -- 401/Normal/5
----------------------------------------


----------------------------------------
22/06/2017 20:43:21 -- -216297903
Getting more than one duplicate of a font: Apple Braille -- Apple Braille Pinpoint 6 Dot -- 402/Normal/5
----------------------------------------


----------------------------------------
22/06/2017 20:43:21 -- -216297902
Getting more than one duplicate of a font: Apple Braille -- Apple Braille Outline 8 Dot -- 401/Normal/5
----------------------------------------


----------------------------------------
22/06/2017 20:43:21 -- -216297902
Getting more than one duplicate of a font: Apple Braille -- Apple Braille Pinpoint 6 Dot -- 402/Normal/5
----------------------------------------


----------------------------------------
22/06/2017 20:43:21 -- -216297902
Getting more than one duplicate of a font: Apple Braille -- Apple Braille Pinpoint 8 Dot -- 403/Normal/5
----------------------------------------


----------------------------------------
22/06/2017 20:43:25 -- -216294086
Getting more than one duplicate of a font: Skia -- Skia Light Extended -- 401/Normal/7
----------------------------------------


----------------------------------------
22/06/2017 20:43:25 -- -216294086
Getting more than one duplicate of a font: Skia -- Skia Light Condensed -- 401/Normal/2
----------------------------------------

