
----------------------------------------
10/07/2017 20:52:24 -- 1586148887
Getting more than one duplicate of a font: Apple Braille -- Apple Braille Outline 8 Dot -- 401/Normal/5
----------------------------------------


----------------------------------------
10/07/2017 20:52:24 -- 1586148888
Getting more than one duplicate of a font: Apple Braille -- Apple Braille Outline 8 Dot -- 401/Normal/5
----------------------------------------


----------------------------------------
10/07/2017 20:52:24 -- 1586148888
Getting more than one duplicate of a font: Apple Braille -- Apple Braille Pinpoint 6 Dot -- 402/Normal/5
----------------------------------------


----------------------------------------
10/07/2017 20:52:24 -- 1586148888
Getting more than one duplicate of a font: Apple Braille -- Apple Braille Outline 8 Dot -- 401/Normal/5
----------------------------------------


----------------------------------------
10/07/2017 20:52:24 -- 1586148888
Getting more than one duplicate of a font: Apple Braille -- Apple Braille Pinpoint 6 Dot -- 402/Normal/5
----------------------------------------


----------------------------------------
10/07/2017 20:52:24 -- 1586148889
Getting more than one duplicate of a font: Apple Braille -- Apple Braille Pinpoint 8 Dot -- 403/Normal/5
----------------------------------------


----------------------------------------
10/07/2017 20:52:27 -- 1586151844
Getting more than one duplicate of a font: Skia -- Skia Light Extended -- 401/Normal/7
----------------------------------------


----------------------------------------
10/07/2017 20:52:27 -- 1586151844
Getting more than one duplicate of a font: Skia -- Skia Light Condensed -- 401/Normal/2
----------------------------------------

