0 - 13:03:31.54 UTC - sending field data...
1 - 13:03:31.57 UTC - closed the request stream
2 - 13:03:31.88 UTC - got the response stream
3 - 13:03:31.88 UTC - {"Payload":null,"ErrorType":4,"AuthToken":null,"ExceptionId":null,"DeletedOn":null,"success":false,"message":null,"errorMessage":"The email and password combination is not valid.","redirecturl":null}
4 - 13:03:32.27 UTC - sending field data...
5 - 13:03:32.27 UTC - closed the request stream
6 - 13:03:32.58 UTC - got the response stream
7 - 13:03:32.58 UTC - {"Payload":null,"ErrorType":4,"AuthToken":null,"ExceptionId":null,"DeletedOn":null,"success":false,"message":null,"errorMessage":"The email and password combination is not valid.","redirecturl":null}
8 - 13:03:32.66 UTC - sending field data...
9 - 13:03:32.66 UTC - closed the request stream
10 - 13:03:32.97 UTC - got the response stream
11 - 13:03:32.97 UTC - {"Payload":null,"ErrorType":4,"AuthToken":null,"ExceptionId":null,"DeletedOn":null,"success":false,"message":null,"errorMessage":"The email and password combination is not valid.","redirecturl":null}
12 - 13:03:32.98 UTC - sending field data...
13 - 13:03:32.98 UTC - closed the request stream
14 - 13:03:33.29 UTC - got the response stream
15 - 13:03:33.29 UTC - {"Payload":null,"ErrorType":4,"AuthToken":null,"ExceptionId":null,"DeletedOn":null,"success":false,"message":null,"errorMessage":"The email and password combination is not valid.","redirecturl":null}
16 - 13:03:36.75 UTC - sending field data...
17 - 13:03:36.75 UTC - closed the request stream
18 - 13:03:37.06 UTC - got the response stream
19 - 13:03:37.06 UTC - {"Payload":null,"ErrorType":4,"AuthToken":null,"ExceptionId":null,"DeletedOn":null,"success":false,"message":null,"errorMessage":"The email and password combination is not valid.","redirecturl":null}
20 - 13:04:11.56 UTC - sending field data...
21 - 13:04:11.60 UTC - closed the request stream
22 - 13:04:11.98 UTC - got the response stream
23 - 13:04:11.98 UTC - {"Payload":{"bestLicense":null,"assignedLicenses":[]},"ErrorType":0,"AuthToken":"UZRMfBj+p5PymTN8HbEhEMUVjRGEkgG32hMU8ZZW/S7dcERRJCJDO6iwBOInbMN9PPQxQAF19qLmw1a4bhvo1ppiDbPBW15P9Yq8MaA9NaL6au21sO09/PrsIPD+N2iC","ExceptionId":null,"DeletedOn":null,"success":true,"message":null,"errorMessage":null,"redirecturl":null}
24 - 13:04:28.18 UTC - sending field data...
25 - 13:04:28.20 UTC - closed the request stream
26 - 13:04:28.69 UTC - got the response stream
27 - 13:04:28.69 UTC - {"Payload":{"bestLicense":null,"assignedLicenses":[]},"ErrorType":0,"AuthToken":"UZRMfBj+p5PymTN8HbEhEMUVjRGEkgG32hMU8ZZW/S7dcERRJCJDO6iwBOInbMN9PPQxQAF19qLmw1a4bhvo1kzBOgJyLH2Bac8aMU9FFC5TIv9uI1+sZBLP4jc59tX1","ExceptionId":null,"DeletedOn":null,"success":true,"message":null,"errorMessage":null,"redirecturl":null}
28 - 13:04:36.76 UTC - sending field data...
29 - 13:04:36.78 UTC - closed the request stream
30 - 13:04:37.34 UTC - got the response stream
31 - 13:04:37.34 UTC - {"Payload":{"bestLicense":null,"assignedLicenses":[]},"ErrorType":0,"AuthToken":"UZRMfBj+p5PymTN8HbEhEMUVjRGEkgG32hMU8ZZW/S7dcERRJCJDO6iwBOInbMN9PPQxQAF19qLmw1a4bhvo1hZc5qVxSa9mtAQzb3yyvfvYndlr/yYSBKwYR43r/5Zp","ExceptionId":null,"DeletedOn":null,"success":true,"message":null,"errorMessage":null,"redirecturl":null}
32 - 13:04:40.15 UTC - sending field data...
33 - 13:04:40.15 UTC - closed the request stream
34 - 13:04:41.14 UTC - got the response stream
35 - 13:04:41.15 UTC - {"Payload":{"bestLicense":null,"assignedLicenses":[]},"ErrorType":0,"AuthToken":"UZRMfBj+p5PymTN8HbEhEMUVjRGEkgG32hMU8ZZW/S7dcERRJCJDO6iwBOInbMN9PPQxQAF19qLmw1a4bhvo1knXzdsNp30L6tiReb9rVHKw/qEVELZOL811y4sSGwMj","ExceptionId":null,"DeletedOn":null,"success":true,"message":null,"errorMessage":null,"redirecturl":null}
36 - 13:05:06.84 UTC - sending field data...
37 - 13:05:06.86 UTC - closed the request stream
38 - 13:05:07.42 UTC - got the response stream
39 - 13:05:07.42 UTC - {"Payload":{"bestLicense":null,"assignedLicenses":[]},"ErrorType":0,"AuthToken":"UZRMfBj+p5PymTN8HbEhEMUVjRGEkgG32hMU8ZZW/S7dcERRJCJDO6iwBOInbMN9PPQxQAF19qLmw1a4bhvo1i7jZkHZKl6Csm3jm6+4i4RNwtA00eVqAn7wGFmXB3KP","ExceptionId":null,"DeletedOn":null,"success":true,"message":null,"errorMessage":null,"redirecturl":null}
40 - 13:05:36.74 UTC - sending field data...
41 - 13:05:36.74 UTC - closed the request stream
42 - 13:05:37.30 UTC - got the response stream
43 - 13:05:37.31 UTC - {"Payload":{"bestLicense":null,"assignedLicenses":[]},"ErrorType":0,"AuthToken":"UZRMfBj+p5PymTN8HbEhEMUVjRGEkgG32hMU8ZZW/S7dcERRJCJDO6iwBOInbMN9PPQxQAF19qLmw1a4bhvo1r+S1aaPTUsAObWy5/A9/ozOZ/f/cDDpSPqLjdynMrSt","ExceptionId":null,"DeletedOn":null,"success":true,"message":null,"errorMessage":null,"redirecturl":null}
44 - 13:06:09.27 UTC - sending field data...
45 - 13:06:09.34 UTC - closed the request stream
46 - 13:06:09.81 UTC - got the response stream
47 - 13:06:09.81 UTC - {"Payload":{"bestLicense":null,"assignedLicenses":[]},"ErrorType":0,"AuthToken":"UZRMfBj+p5PymTN8HbEhEMUVjRGEkgG32hMU8ZZW/S7dcERRJCJDO6iwBOInbMN9PPQxQAF19qLmw1a4bhvo1umsj2ecavH4b5fgxlIDOoAZkRFZpWNpIiMDYq5ArWXz","ExceptionId":null,"DeletedOn":null,"success":true,"message":null,"errorMessage":null,"redirecturl":null}
48 - 13:06:37.02 UTC - sending field data...
49 - 13:06:37.07 UTC - closed the request stream
50 - 13:06:37.51 UTC - got the response stream
51 - 13:06:37.51 UTC - {"Payload":{"bestLicense":null,"assignedLicenses":[]},"ErrorType":0,"AuthToken":"UZRMfBj+p5PymTN8HbEhEMUVjRGEkgG32hMU8ZZW/S7dcERRJCJDO6iwBOInbMN9PPQxQAF19qLmw1a4bhvo1lSRqQ0Gnb0A7ysgxG5WlZk2Q2JbXMs4VD0/LZ6F7U2H","ExceptionId":null,"DeletedOn":null,"success":true,"message":null,"errorMessage":null,"redirecturl":null}
52 - 13:07:15.42 UTC - sending field data...
53 - 13:07:15.45 UTC - closed the request stream
54 - 13:07:15.92 UTC - got the response stream
55 - 13:07:15.92 UTC - {"Payload":{"bestLicense":null,"assignedLicenses":[]},"ErrorType":0,"AuthToken":"UZRMfBj+p5PymTN8HbEhEMUVjRGEkgG32hMU8ZZW/S7dcERRJCJDO6iwBOInbMN9PPQxQAF19qLmw1a4bhvo1m9QdwXNfiFmkjGCz8RLe8cE12e7MEJ7D67PuqtqmuEM","ExceptionId":null,"DeletedOn":null,"success":true,"message":null,"errorMessage":null,"redirecturl":null}
56 - 13:07:40.36 UTC - sending field data...
57 - 13:07:40.38 UTC - closed the request stream
58 - 13:07:40.84 UTC - got the response stream
59 - 13:07:40.84 UTC - {"Payload":{"bestLicense":null,"assignedLicenses":[]},"ErrorType":0,"AuthToken":"UZRMfBj+p5PymTN8HbEhEMUVjRGEkgG32hMU8ZZW/S7dcERRJCJDO6iwBOInbMN9PPQxQAF19qLmw1a4bhvo1j/VRu8FH4+dlfPPH6ovYuvpT82C/KgkOdIUQC/ui1qc","ExceptionId":null,"DeletedOn":null,"success":true,"message":null,"errorMessage":null,"redirecturl":null}
60 - 13:08:07.87 UTC - sending field data...
61 - 13:08:07.95 UTC - closed the request stream
62 - 13:08:08.37 UTC - got the response stream
63 - 13:08:08.37 UTC - {"Payload":{"bestLicense":null,"assignedLicenses":[]},"ErrorType":0,"AuthToken":"UZRMfBj+p5PymTN8HbEhEMUVjRGEkgG32hMU8ZZW/S7dcERRJCJDO6iwBOInbMN9PPQxQAF19qLmw1a4bhvo1jpEjKcCSNLztSFFUgow6wK1qU9OI0zLJ0A6C4rFojGW","ExceptionId":null,"DeletedOn":null,"success":true,"message":null,"errorMessage":null,"redirecturl":null}
64 - 13:08:37.37 UTC - sending field data...
65 - 13:08:37.40 UTC - closed the request stream
66 - 13:08:37.75 UTC - got the response stream
67 - 13:08:37.75 UTC - {"Payload":{"bestLicense":null,"assignedLicenses":[]},"ErrorType":0,"AuthToken":"UZRMfBj+p5PymTN8HbEhEMUVjRGEkgG32hMU8ZZW/S7dcERRJCJDO6iwBOInbMN9PPQxQAF19qLmw1a4bhvo1oOFt6vV8nIvs3CVnPz+tQdcX3s7g7DULI+0R/HBGxOp","ExceptionId":null,"DeletedOn":null,"success":true,"message":null,"errorMessage":null,"redirecturl":null}
68 - 13:09:06.77 UTC - sending field data...
69 - 13:09:06.77 UTC - closed the request stream
70 - 13:09:07.11 UTC - got the response stream
71 - 13:09:07.11 UTC - {"Payload":{"bestLicense":null,"assignedLicenses":[]},"ErrorType":0,"AuthToken":"UZRMfBj+p5PymTN8HbEhEMUVjRGEkgG32hMU8ZZW/S7dcERRJCJDO6iwBOInbMN9PPQxQAF19qLmw1a4bhvo1g9cOrWmnIvNcTOeFyp2tItBNoAPH5NvY1tdAZHpI98p","ExceptionId":null,"DeletedOn":null,"success":true,"message":null,"errorMessage":null,"redirecturl":null}
72 - 13:09:36.74 UTC - sending field data...
73 - 13:09:36.74 UTC - closed the request stream
74 - 13:09:37.32 UTC - got the response stream
75 - 13:09:37.32 UTC - {"Payload":{"bestLicense":null,"assignedLicenses":[]},"ErrorType":0,"AuthToken":"UZRMfBj+p5PymTN8HbEhEMUVjRGEkgG32hMU8ZZW/S7dcERRJCJDO6iwBOInbMN9PPQxQAF19qLmw1a4bhvo1lq44HVyZ0eaR3SpKzrRwT7fZckxXJlCWn8fVvS6eGG8","ExceptionId":null,"DeletedOn":null,"success":true,"message":null,"errorMessage":null,"redirecturl":null}
76 - 13:10:06.78 UTC - sending field data...
77 - 13:10:06.78 UTC - closed the request stream
78 - 13:10:07.25 UTC - got the response stream
79 - 13:10:07.25 UTC - {"Payload":{"bestLicense":null,"assignedLicenses":[]},"ErrorType":0,"AuthToken":"UZRMfBj+p5PymTN8HbEhEMUVjRGEkgG32hMU8ZZW/S7dcERRJCJDO6iwBOInbMN9PPQxQAF19qLmw1a4bhvo1lKurKl/3/BQisEonJMAjSeREi3JlCZ5IDxNosrCOMzd","ExceptionId":null,"DeletedOn":null,"success":true,"message":null,"errorMessage":null,"redirecturl":null}
80 - 13:10:36.79 UTC - sending field data...
81 - 13:10:36.81 UTC - closed the request stream
82 - 13:10:37.29 UTC - got the response stream
83 - 13:10:37.29 UTC - {"Payload":{"bestLicense":null,"assignedLicenses":[]},"ErrorType":0,"AuthToken":"UZRMfBj+p5PymTN8HbEhEMUVjRGEkgG32hMU8ZZW/S7dcERRJCJDO6iwBOInbMN9PPQxQAF19qLmw1a4bhvo1tkQDlHEkOYxgl2/bsuYoKPp5540JyA+ReZBS0XvkVoa","ExceptionId":null,"DeletedOn":null,"success":true,"message":null,"errorMessage":null,"redirecturl":null}
84 - 13:11:06.74 UTC - sending field data...
85 - 13:11:06.74 UTC - closed the request stream
86 - 13:11:07.22 UTC - got the response stream
87 - 13:11:07.22 UTC - {"Payload":{"bestLicense":null,"assignedLicenses":[]},"ErrorType":0,"AuthToken":"UZRMfBj+p5PymTN8HbEhEMUVjRGEkgG32hMU8ZZW/S7dcERRJCJDO6iwBOInbMN9PPQxQAF19qLmw1a4bhvo1pWnbY22iLoCer/W8jVTeMdrF8Gwfv+kW0yNipiBDtjV","ExceptionId":null,"DeletedOn":null,"success":true,"message":null,"errorMessage":null,"redirecturl":null}
88 - 13:11:36.73 UTC - sending field data...
89 - 13:11:36.74 UTC - closed the request stream
90 - 13:11:37.30 UTC - got the response stream
91 - 13:11:37.30 UTC - {"Payload":{"bestLicense":null,"assignedLicenses":[]},"ErrorType":0,"AuthToken":"UZRMfBj+p5PymTN8HbEhEMUVjRGEkgG32hMU8ZZW/S7dcERRJCJDO6iwBOInbMN9PPQxQAF19qLmw1a4bhvo1k4LvTviMOrfQFzcHTvcrzwnHgB389QUaeGfnOWuXlwG","ExceptionId":null,"DeletedOn":null,"success":true,"message":null,"errorMessage":null,"redirecturl":null}
92 - 13:12:06.73 UTC - sending field data...
93 - 13:12:06.74 UTC - closed the request stream
94 - 13:12:07.18 UTC - got the response stream
95 - 13:12:07.18 UTC - {"Payload":{"bestLicense":null,"assignedLicenses":[]},"ErrorType":0,"AuthToken":"UZRMfBj+p5PymTN8HbEhEMUVjRGEkgG32hMU8ZZW/S7dcERRJCJDO6iwBOInbMN9PPQxQAF19qLmw1a4bhvo1sG4crzB3PudCHh7nd40/ROFf4Uugtw8c+7DEpERXs8k","ExceptionId":null,"DeletedOn":null,"success":true,"message":null,"errorMessage":null,"redirecturl":null}
96 - 13:12:38.35 UTC - sending field data...
97 - 13:12:38.38 UTC - closed the request stream
98 - 13:12:38.93 UTC - got the response stream
99 - 13:12:38.93 UTC - {"Payload":{"bestLicense":null,"assignedLicenses":[]},"ErrorType":0,"AuthToken":"UZRMfBj+p5PymTN8HbEhEMUVjRGEkgG32hMU8ZZW/S7dcERRJCJDO6iwBOInbMN9PPQxQAF19qLmw1a4bhvo1o5SSJlOArxqkWYt0hAOaTbMN7fjN1s3lV1e7s0Cz8pb","ExceptionId":null,"DeletedOn":null,"success":true,"message":null,"errorMessage":null,"redirecturl":null}
100 - 13:13:07.39 UTC - sending field data...
101 - 13:13:07.41 UTC - closed the request stream
102 - 13:13:07.74 UTC - got the response stream
103 - 13:13:07.74 UTC - {"Payload":{"bestLicense":null,"assignedLicenses":[]},"ErrorType":0,"AuthToken":"UZRMfBj+p5PymTN8HbEhEMUVjRGEkgG32hMU8ZZW/S7dcERRJCJDO6iwBOInbMN9PPQxQAF19qLmw1a4bhvo1k+6Vo7Ah5SHRV0qnIawg+XmUumzQMh5rC24lD3rrhqR","ExceptionId":null,"DeletedOn":null,"success":true,"message":null,"errorMessage":null,"redirecturl":null}
104 - 13:13:39.91 UTC - sending field data...
105 - 13:13:39.93 UTC - closed the request stream
106 - 13:13:40.38 UTC - got the response stream
107 - 13:13:40.38 UTC - {"Payload":{"bestLicense":null,"assignedLicenses":[]},"ErrorType":0,"AuthToken":"UZRMfBj+p5PymTN8HbEhEMUVjRGEkgG32hMU8ZZW/S7dcERRJCJDO6iwBOInbMN9PPQxQAF19qLmw1a4bhvo1j3ZlU0YMlRPFwIXfWR8YznqzudG3oVXv7T0Y1XQ3okM","ExceptionId":null,"DeletedOn":null,"success":true,"message":null,"errorMessage":null,"redirecturl":null}
108 - 13:14:12.21 UTC - sending field data...
109 - 13:14:12.22 UTC - closed the request stream
110 - 13:14:12.72 UTC - got the response stream
111 - 13:14:12.72 UTC - {"Payload":{"bestLicense":null,"assignedLicenses":[]},"ErrorType":0,"AuthToken":"UZRMfBj+p5PymTN8HbEhEMUVjRGEkgG32hMU8ZZW/S7dcERRJCJDO6iwBOInbMN9PPQxQAF19qLmw1a4bhvo1jZzSr7ziAQJ72TlsfGB5NqzRuL3ZGHYCavBIVM8mbz8","ExceptionId":null,"DeletedOn":null,"success":true,"message":null,"errorMessage":null,"redirecturl":null}
112 - 13:14:37.20 UTC - sending field data...
113 - 13:14:37.24 UTC - closed the request stream
114 - 13:14:37.56 UTC - got the response stream
115 - 13:14:37.56 UTC - {"Payload":{"bestLicense":null,"assignedLicenses":[]},"ErrorType":0,"AuthToken":"UZRMfBj+p5PymTN8HbEhEMUVjRGEkgG32hMU8ZZW/S7dcERRJCJDO6iwBOInbMN9PPQxQAF19qLmw1a4bhvo1h1x/mjsy1Yet0fDG6roP0zI+CYw0ZG0hMy+RkK5UNAh","ExceptionId":null,"DeletedOn":null,"success":true,"message":null,"errorMessage":null,"redirecturl":null}
